Using pre-set license
Built from '2021.1/release' branch; Version is '2021.1.10f1 (b15f561b2cef) revision 11624278'; Using compiler version '192528614'; Build Type 'Release'
OS: 'Windows 10 Home Single Language; OS build 19044.1645; Version 2009; 64bit' Language: 'en' Physical Memory: 16226 MB
BatchMode: 1, IsHumanControllingUs: 0, StartBugReporterOnCrash: 0, Is64bit: 1, IsPro: 0

 COMMAND LINE ARGUMENTS:
D:\Projects\Unity Versions\2021.1.10f1\Editor\Unity.exe
-adb2
-batchMode
-noUpm
-name
AssetImportWorker0
-projectPath
D:/Projects/3DConcert/3DConcertURP
-logFile
Logs/AssetImportWorker0.log
-srvPort
49691
Successfully changed project path to: D:/Projects/3DConcert/3DConcertURP
D:/Projects/3DConcert/3DConcertURP
Using Asset Import Pipeline V2.
Refreshing native plugins compatible for Editor in 164.86 ms, found 3 plugins.
Preloading 0 native plugins for Editor in 0.00 ms.
Initialize engine version: 2021.1.10f1 (b15f561b2cef)
[Subsystems] Discovering subsystems at path D:/Projects/Unity Versions/2021.1.10f1/Editor/Data/Resources/UnitySubsystems
[Subsystems] Discovering subsystems at path D:/Projects/3DConcert/3DConcertURP/Assets
GfxDevice: creating device client; threaded=0; jobified=0
Direct3D:
    Version:  Direct3D 11.0 [level 11.1]
    Renderer: NVIDIA GeForce GTX 1060 (ID=0x1c20)
    Vendor:   NVIDIA
    VRAM:     6052 MB
    Driver:   30.0.15.1179
Shader 'Universal Render Pipeline/Particles/Lit': fallback shader 'Universal Render Pipeline/Particles/SimpleLit' not found
Initialize mono
Mono path[0] = 'D:/Projects/Unity Versions/2021.1.10f1/Editor/Data/Managed'
Mono path[1] = 'D:/Projects/Unity Versions/2021.1.10f1/Editor/Data/MonoBleedingEdge/lib/mono/unityjit'
Mono config path = 'D:/Projects/Unity Versions/2021.1.10f1/Editor/Data/MonoBleedingEdge/etc'
Using monoOptions --debugger-agent=transport=dt_socket,embedding=1,server=y,suspend=n,address=127.0.0.1:56856
Begin MonoManager ReloadAssembly
Registering precompiled unity dll's ...
Register platform support module: D:/Projects/Unity Versions/2021.1.10f1/Editor/Data/PlaybackEngines/WindowsStandaloneSupport/UnityEditor.WindowsStandalone.Extensions.dll
Registered in 0.005230 seconds.
Native extension for WindowsStandalone target not found
Refreshing native plugins compatible for Editor in 122.35 ms, found 3 plugins.
Preloading 0 native plugins for Editor in 0.00 ms.
Mono: successfully reloaded assembly
- Completed reload, in  1.539 seconds
Domain Reload Profiling:
	ReloadAssembly (1540ms)
		BeginReloadAssembly (85ms)
			ExecutionOrderSort (0ms)
			DisableScriptedObjects (0ms)
			BackupInstance (0ms)
			ReleaseScriptingObjects (0ms)
			CreateAndSetChildDomain (1ms)
		EndReloadAssembly (561ms)
			LoadAssemblies (79ms)
			RebuildTransferFunctionScriptingTraits (0ms)
			SetupTypeCache (202ms)
			ReleaseScriptCaches (0ms)
			RebuildScriptCaches (33ms)
			SetupLoadedEditorAssemblies (265ms)
				LogAssemblyErrors (0ms)
				InitializePlatformSupportModulesInManaged (6ms)
				SetLoadedEditorAssemblies (0ms)
				RefreshPlugins (122ms)
				BeforeProcessingInitializeOnLoad (2ms)
				ProcessInitializeOnLoadAttributes (103ms)
				ProcessInitializeOnLoadMethodAttributes (31ms)
				AfterProcessingInitializeOnLoad (0ms)
				EditorAssembliesLoaded (0ms)
			ExecutionOrderSort2 (0ms)
			AwakeInstancesAfterBackupRestoration (0ms)
Platform modules already initialized, skipping
Registering precompiled user dll's ...
Registered in 0.011785 seconds.
Begin MonoManager ReloadAssembly
Symbol file LoadedFromMemory doesn't match image D:\Projects\3DConcert\3DConcertURP\Library\PackageCache\com.unity.visualscripting@1.6.1\Editor\VisualScripting.Core\Dependencies\YamlDotNet\Unity.VisualScripting.YamlDotNet.dll
Symbol file LoadedFromMemory doesn't match image D:\Projects\3DConcert\3DConcertURP\Library\PackageCache\com.unity.visualscripting@1.6.1\Editor\VisualScripting.Core\Dependencies\DotNetZip\Unity.VisualScripting.IonicZip.dll
Native extension for WindowsStandalone target not found
Refreshing native plugins compatible for Editor in 120.71 ms, found 3 plugins.
Preloading 0 native plugins for Editor in 0.00 ms.
Mono: successfully reloaded assembly
- Completed reload, in  1.687 seconds
Domain Reload Profiling:
	ReloadAssembly (1687ms)
		BeginReloadAssembly (201ms)
			ExecutionOrderSort (0ms)
			DisableScriptedObjects (6ms)
			BackupInstance (0ms)
			ReleaseScriptingObjects (0ms)
			CreateAndSetChildDomain (21ms)
		EndReloadAssembly (1399ms)
			LoadAssemblies (144ms)
			RebuildTransferFunctionScriptingTraits (0ms)
			SetupTypeCache (479ms)
			ReleaseScriptCaches (1ms)
			RebuildScriptCaches (69ms)
			SetupLoadedEditorAssemblies (593ms)
				LogAssemblyErrors (0ms)
				InitializePlatformSupportModulesInManaged (4ms)
				SetLoadedEditorAssemblies (0ms)
				RefreshPlugins (121ms)
				BeforeProcessingInitializeOnLoad (146ms)
				ProcessInitializeOnLoadAttributes (297ms)
				ProcessInitializeOnLoadMethodAttributes (7ms)
				AfterProcessingInitializeOnLoad (18ms)
				EditorAssembliesLoaded (0ms)
			ExecutionOrderSort2 (0ms)
			AwakeInstancesAfterBackupRestoration (8ms)
Platform modules already initialized, skipping
========================================================================
Worker process is ready to serve import requests
Shader 'Universal Render Pipeline/Particles/Lit': fallback shader 'Universal Render Pipeline/Particles/SimpleLit' not found
Launched and connected shader compiler UnityShaderCompiler.exe after 0.05 seconds
Refreshing native plugins compatible for Editor in 1.81 ms, found 3 plugins.
Preloading 0 native plugins for Editor in 0.00 ms.
Unloading 5116 Unused Serialized files (Serialized files now loaded: 0)
System memory in use before: 191.8 MB.
System memory in use after: 192.2 MB.

Unloading 24 unused Assets to reduce memory usage. Loaded Objects now: 5561.
Total: 5.329300 ms (FindLiveObjects: 0.738100 ms CreateObjectMapping: 0.529100 ms MarkObjects: 3.972100 ms  DeleteObjects: 0.088500 ms)

AssetImportParameters requested are different than current active one (requested -> active):
  colorSpace: 1 -> 0
  custom:framework-win-MediaFoundation: 216162199b28c13a410421893ffa2e32 -> 
  custom:video-decoder-ogg-theora: a1e56fd34408186e4bbccfd4996cb3dc -> 
  custom:container-muxer-webm: aa71ff27fc2769a1b78a27578f13a17b -> 
  custom:container-demuxer-webm: 4f35f7cbe854078d1ac9338744f61a02 -> 
  custom:container-demuxer-ogg: 62fdf1f143b41e24485cea50d1cbac27 -> 
  custom:video-encoder-webm-vp8: eb34c28f22e8b96e1ab97ce403110664 -> 
  custom:video-decoder-webm-vp8: 9c59270c3fd7afecdb556c50c9e8de78 -> 
  custom:audio-decoder-ogg-vorbis: bf7c407c2cedff20999df2af8eb42d56 -> 
  custom:audio-encoder-webm-vorbis: bf7c407c2cedff20999df2af8eb42d56 -> 
========================================================================
Received Import Request.
  path: Assets
  artifactKey: Guid(00000000000000001000000000000000) Importer(815301076,1909f56bfc062723c751e8b465ee728b)
Start importing Assets using Guid(00000000000000001000000000000000) Importer(815301076,1909f56bfc062723c751e8b465ee728b)  -> (artifact id: '42d402b061de3733987d63b9cc3b64de') in 0.017271 seconds 
========================================================================
Received Import Request.
  Time since last request: 4.073196 seconds.
  path: Assets/Model
  artifactKey: Guid(61a718cb35d77f74085defe01c7aa5c8) Importer(815301076,1909f56bfc062723c751e8b465ee728b)
Start importing Assets/Model using Guid(61a718cb35d77f74085defe01c7aa5c8) Importer(815301076,1909f56bfc062723c751e8b465ee728b)  -> (artifact id: 'c4bdfd3a93ffab8af3f96f73d2779d5f') in 0.008433 seconds 
========================================================================
Received Import Request.
  Time since last request: 20.703473 seconds.
  path: Assets/Model/Veela.prefab
  artifactKey: Guid(db34bd52e2ed7cf418dd612183678cb9) Importer(815301076,1909f56bfc062723c751e8b465ee728b)
Start importing Assets/Model/Veela.prefab using Guid(db34bd52e2ed7cf418dd612183678cb9) Importer(815301076,1909f56bfc062723c751e8b465ee728b)  -> (artifact id: 'cef73ad3a43a86c60e42253dee6b0450') in 1.966441 seconds 
========================================================================
Received Import Request.
  Time since last request: 5.728654 seconds.
  path: Assets/Model/Veela.Textures/Thumbnail.png
  artifactKey: Guid(ad2c69caa37b04041b8d802f31ce4f85) Importer(815301076,1909f56bfc062723c751e8b465ee728b)
Start importing Assets/Model/Veela.Textures/Thumbnail.png using Guid(ad2c69caa37b04041b8d802f31ce4f85) Importer(815301076,1909f56bfc062723c751e8b465ee728b)  -> (artifact id: 'c6dc8180afab29bf03b28fd393b179b0') in 0.079251 seconds 
========================================================================
Received Import Request.
  Time since last request: 132.546417 seconds.
  path: Assets/Model/Veela.Textures
  artifactKey: Guid(cb4279a139bc0ce4e82b5d0d88c82dd0) Importer(815301076,1909f56bfc062723c751e8b465ee728b)
Start importing Assets/Model/Veela.Textures using Guid(cb4279a139bc0ce4e82b5d0d88c82dd0) Importer(815301076,1909f56bfc062723c751e8b465ee728b)  -> (artifact id: '87515204707b75034e5208499efb4849') in 0.006950 seconds 
========================================================================
Received Import Request.
  Time since last request: 2.294497 seconds.
  path: Assets/Model/Veela.vrm
  artifactKey: Guid(b19997d58dea3574b898b3f49022068b) Importer(815301076,1909f56bfc062723c751e8b465ee728b)
Start importing Assets/Model/Veela.vrm using Guid(b19997d58dea3574b898b3f49022068b) Importer(815301076,1909f56bfc062723c751e8b465ee728b)  -> (artifact id: 'd1b0dcdca1b73554ba29689fb10e8317') in 0.006994 seconds 
========================================================================
Received Import Request.
  Time since last request: 205.697878 seconds.
  path: Assets/Model/Veela.Textures/F00_000_00_EyeExtra_01.png
  artifactKey: Guid(51e6b2f784dfc5248bb7509cfd35dd07) Importer(815301076,1909f56bfc062723c751e8b465ee728b)
Start importing Assets/Model/Veela.Textures/F00_000_00_EyeExtra_01.png using Guid(51e6b2f784dfc5248bb7509cfd35dd07) Importer(815301076,1909f56bfc062723c751e8b465ee728b)  -> (artifact id: 'f448747b1209552645d7564c76a27f9d') in 0.015894 seconds 
========================================================================
Received Import Request.
  Time since last request: 0.000335 seconds.
  path: Assets/Model/Veela.Textures/F00_001_01_Body_00_nml.normal.png
  artifactKey: Guid(6648c201999344f4d84121e605fd23e4) Importer(815301076,1909f56bfc062723c751e8b465ee728b)
Start importing Assets/Model/Veela.Textures/F00_001_01_Body_00_nml.normal.png using Guid(6648c201999344f4d84121e605fd23e4) Importer(815301076,1909f56bfc062723c751e8b465ee728b)  -> (artifact id: '9e8ccb4f30bae49cbf4f17c204f0172d') in 0.020659 seconds 
========================================================================
Received Import Request.
  Time since last request: 0.000371 seconds.
  path: Assets/Model/Veela.Textures/F00_003_01_AccessoryNeck_01.png
  artifactKey: Guid(08f1fb6e83a200b449caddccc13e3340) Importer(815301076,1909f56bfc062723c751e8b465ee728b)
Start importing Assets/Model/Veela.Textures/F00_003_01_AccessoryNeck_01.png using Guid(08f1fb6e83a200b449caddccc13e3340) Importer(815301076,1909f56bfc062723c751e8b465ee728b)  -> (artifact id: 'e91c6cb9c84ef46794d67759bc9c453a') in 0.014380 seconds 
========================================================================
Received Import Request.
  Time since last request: 0.000279 seconds.
  path: Assets/Model/Veela.Textures/F00_001_01_Tops_01.png
  artifactKey: Guid(1888088f4e104e34d9b23cc6644bdcf4) Importer(815301076,1909f56bfc062723c751e8b465ee728b)
Start importing Assets/Model/Veela.Textures/F00_001_01_Tops_01.png using Guid(1888088f4e104e34d9b23cc6644bdcf4) Importer(815301076,1909f56bfc062723c751e8b465ee728b)  -> (artifact id: 'c7635f27d0e9c62a26ba6847acb57ffb') in 0.016592 seconds 
========================================================================
Received Import Request.
  Time since last request: 0.000263 seconds.
  path: Assets/Model/Veela.Textures/F00_003_01_Shoes_01.png
  artifactKey: Guid(23c8e27f6128ea242992b16bc44d525d) Importer(815301076,1909f56bfc062723c751e8b465ee728b)
Start importing Assets/Model/Veela.Textures/F00_003_01_Shoes_01.png using Guid(23c8e27f6128ea242992b16bc44d525d) Importer(815301076,1909f56bfc062723c751e8b465ee728b)  -> (artifact id: 'a918abf700ee1b08e3e38a0ad4855ad5') in 0.014338 seconds 
========================================================================
Received Import Request.
  Time since last request: 0.000291 seconds.
  path: Assets/Model/Veela.Textures/F00_000_00_EyeIris_00.png
  artifactKey: Guid(0824df262e035e1449f0a2e48005d063) Importer(815301076,1909f56bfc062723c751e8b465ee728b)
Start importing Assets/Model/Veela.Textures/F00_000_00_EyeIris_00.png using Guid(0824df262e035e1449f0a2e48005d063) Importer(815301076,1909f56bfc062723c751e8b465ee728b)  -> (artifact id: '4975c5d5ad0f9dfe2d78dcb9d20802db') in 0.011970 seconds 
========================================================================
Received Import Request.
  Time since last request: 0.000319 seconds.
  path: Assets/Model/Veela.Textures/F00_001_01_Body_00.png
  artifactKey: Guid(65a929589915e994b910730f381de3b4) Importer(815301076,1909f56bfc062723c751e8b465ee728b)
Start importing Assets/Model/Veela.Textures/F00_001_01_Body_00.png using Guid(65a929589915e994b910730f381de3b4) Importer(815301076,1909f56bfc062723c751e8b465ee728b)  -> (artifact id: '11808673cfdadcc7c222e451d9d358d5') in 0.014874 seconds 
========================================================================
Received Import Request.
  Time since last request: 0.000329 seconds.
  path: Assets/Model/Veela.Textures/F00_000_00_Face_00_nml.normal.png
  artifactKey: Guid(859246763b44ba74d832f7d7e0781c37) Importer(815301076,1909f56bfc062723c751e8b465ee728b)
Start importing Assets/Model/Veela.Textures/F00_000_00_Face_00_nml.normal.png using Guid(859246763b44ba74d832f7d7e0781c37) Importer(815301076,1909f56bfc062723c751e8b465ee728b)  -> (artifact id: '2f70f933a1337275392aa7046ae14913') in 0.013023 seconds 
========================================================================
Received Import Request.
  Time since last request: 0.000258 seconds.
  path: Assets/Model/Veela.Textures/Matcap_RimHair.png
  artifactKey: Guid(8c0a0d9abf36a434b9d287bfde63fef1) Importer(815301076,1909f56bfc062723c751e8b465ee728b)
Start importing Assets/Model/Veela.Textures/Matcap_RimHair.png using Guid(8c0a0d9abf36a434b9d287bfde63fef1) Importer(815301076,1909f56bfc062723c751e8b465ee728b)  -> (artifact id: 'bd8d29e180844c25683ae374af6c813c') in 0.013522 seconds 
========================================================================
Received Import Request.
  Time since last request: 0.000344 seconds.
  path: Assets/Model/Veela.Textures/F00_000_Hair_00.png
  artifactKey: Guid(97b5772c04ea04d4883daa6ccea02bfa) Importer(815301076,1909f56bfc062723c751e8b465ee728b)
Start importing Assets/Model/Veela.Textures/F00_000_Hair_00.png using Guid(97b5772c04ea04d4883daa6ccea02bfa) Importer(815301076,1909f56bfc062723c751e8b465ee728b)  -> (artifact id: '7e15699701ff6dd7815beab8e10a3c3f') in 0.012904 seconds 
========================================================================
Received Import Request.
  Time since last request: 0.000321 seconds.
  path: Assets/Model/Veela.Textures/Matcap_Rim.png
  artifactKey: Guid(8361f4c2bf5dfac4388e7e6526bc85ec) Importer(815301076,1909f56bfc062723c751e8b465ee728b)
Start importing Assets/Model/Veela.Textures/Matcap_Rim.png using Guid(8361f4c2bf5dfac4388e7e6526bc85ec) Importer(815301076,1909f56bfc062723c751e8b465ee728b)  -> (artifact id: '69a23cda7193a1ceefa62b2487714123') in 0.012917 seconds 
========================================================================
Received Import Request.
  Time since last request: 0.000274 seconds.
  path: Assets/Model/Veela.Textures/F00_000_Hair_00_spe.png
  artifactKey: Guid(e1a39e329e65a344298179f8919966d3) Importer(815301076,1909f56bfc062723c751e8b465ee728b)
Start importing Assets/Model/Veela.Textures/F00_000_Hair_00_spe.png using Guid(e1a39e329e65a344298179f8919966d3) Importer(815301076,1909f56bfc062723c751e8b465ee728b)  -> (artifact id: 'b448ac63db44cc6e1b421b5bb740ee7f') in 0.011978 seconds 
========================================================================
Received Import Request.
  Time since last request: 0.000330 seconds.
  path: Assets/Model/Veela.Textures/Shader_NoneNormal_02.normal.png
  artifactKey: Guid(6ea78214cf842494e8ddf5a77ecd6f5d) Importer(815301076,1909f56bfc062723c751e8b465ee728b)
Start importing Assets/Model/Veela.Textures/Shader_NoneNormal_02.normal.png using Guid(6ea78214cf842494e8ddf5a77ecd6f5d) Importer(815301076,1909f56bfc062723c751e8b465ee728b)  -> (artifact id: 'bb5d91a907568e00543a12104f7c8ee0') in 0.012812 seconds 
========================================================================
Received Import Request.
  Time since last request: 0.000291 seconds.
  path: Assets/Model/Veela.Textures/F00_000_00_Face_00.png
  artifactKey: Guid(c72fa731255fb20489906c28a5160483) Importer(815301076,1909f56bfc062723c751e8b465ee728b)
Start importing Assets/Model/Veela.Textures/F00_000_00_Face_00.png using Guid(c72fa731255fb20489906c28a5160483) Importer(815301076,1909f56bfc062723c751e8b465ee728b)  -> (artifact id: 'cdc97e05b7f53b2d417c9f8e619a3840') in 0.015119 seconds 
========================================================================
Received Import Request.
  Time since last request: 0.000274 seconds.
  path: Assets/Model/Veela.Textures/F00_000_00_FaceEyelash_00.png
  artifactKey: Guid(f5d3d5ffdbdc4fd4dbb0691ff1640d7a) Importer(815301076,1909f56bfc062723c751e8b465ee728b)
Start importing Assets/Model/Veela.Textures/F00_000_00_FaceEyelash_00.png using Guid(f5d3d5ffdbdc4fd4dbb0691ff1640d7a) Importer(815301076,1909f56bfc062723c751e8b465ee728b)  -> (artifact id: '991edb106467486d3d7d9c4cf8224dc9') in 0.011275 seconds 
========================================================================
Received Import Request.
  Time since last request: 0.000253 seconds.
  path: Assets/Model/Veela.Textures/Shader_NoneNormal_01.normal.png
  artifactKey: Guid(170901c1344b7924cbcc7e2dcb5a23a4) Importer(815301076,1909f56bfc062723c751e8b465ee728b)
Start importing Assets/Model/Veela.Textures/Shader_NoneNormal_01.normal.png using Guid(170901c1344b7924cbcc7e2dcb5a23a4) Importer(815301076,1909f56bfc062723c751e8b465ee728b)  -> (artifact id: 'b62bfd3e4b911283a8bf948ba642e25d') in 0.012520 seconds 
========================================================================
Received Import Request.
  Time since last request: 0.000362 seconds.
  path: Assets/Model/Veela.Textures/F00_000_00_Face_00_out.png
  artifactKey: Guid(5f3cfcac7e36db348bd894a530bf5454) Importer(815301076,1909f56bfc062723c751e8b465ee728b)
Start importing Assets/Model/Veela.Textures/F00_000_00_Face_00_out.png using Guid(5f3cfcac7e36db348bd894a530bf5454) Importer(815301076,1909f56bfc062723c751e8b465ee728b)  -> (artifact id: 'fed4556da6d0c31eb425160c764c5d04') in 0.011852 seconds 
========================================================================
Received Import Request.
  Time since last request: 0.000313 seconds.
  path: Assets/Model/Veela.Textures/F00_000_00_EyeWhite_00.png
  artifactKey: Guid(82d00b4bf8005764eb0ca8653d83233f) Importer(815301076,1909f56bfc062723c751e8b465ee728b)
Start importing Assets/Model/Veela.Textures/F00_000_00_EyeWhite_00.png using Guid(82d00b4bf8005764eb0ca8653d83233f) Importer(815301076,1909f56bfc062723c751e8b465ee728b)  -> (artifact id: '9755cc6fe9d3fd7ff9781be0e258bb3a') in 0.012401 seconds 
========================================================================
Received Import Request.
  Time since last request: 0.000252 seconds.
  path: Assets/Model/Veela.Textures/F00_000_00_FaceMouth_00.png
  artifactKey: Guid(abe57322063754f42a3bc5a2702791bd) Importer(815301076,1909f56bfc062723c751e8b465ee728b)
Start importing Assets/Model/Veela.Textures/F00_000_00_FaceMouth_00.png using Guid(abe57322063754f42a3bc5a2702791bd) Importer(815301076,1909f56bfc062723c751e8b465ee728b)  -> (artifact id: 'ffe078cbf1ffeabc800ebd621de51451') in 0.013689 seconds 
========================================================================
Received Import Request.
  Time since last request: 0.000286 seconds.
  path: Assets/Model/Veela.Textures/F00_000_HairBack_00.png
  artifactKey: Guid(0b3e3cb7c60b9d24b8f26ff3a966e697) Importer(815301076,1909f56bfc062723c751e8b465ee728b)
Start importing Assets/Model/Veela.Textures/F00_000_HairBack_00.png using Guid(0b3e3cb7c60b9d24b8f26ff3a966e697) Importer(815301076,1909f56bfc062723c751e8b465ee728b)  -> (artifact id: '4419de1e95c98b6189895464a598c3a8') in 0.014955 seconds 
========================================================================
Received Import Request.
  Time since last request: 0.000257 seconds.
  path: Assets/Model/Veela.Textures/F00_001_01_Bottoms_01.png
  artifactKey: Guid(78d05db5b5dae774dbfd4019680b543a) Importer(815301076,1909f56bfc062723c751e8b465ee728b)
Start importing Assets/Model/Veela.Textures/F00_001_01_Bottoms_01.png using Guid(78d05db5b5dae774dbfd4019680b543a) Importer(815301076,1909f56bfc062723c751e8b465ee728b)  -> (artifact id: '617dbed7f55555947b7019fe7fd5e813') in 0.011555 seconds 
========================================================================
Received Import Request.
  Time since last request: 0.000248 seconds.
  path: Assets/Model/Veela.Textures/F00_000_HairBack_00_nml.normal.png
  artifactKey: Guid(353369c9b4e53c747a46d1285759325c) Importer(815301076,1909f56bfc062723c751e8b465ee728b)
Start importing Assets/Model/Veela.Textures/F00_000_HairBack_00_nml.normal.png using Guid(353369c9b4e53c747a46d1285759325c) Importer(815301076,1909f56bfc062723c751e8b465ee728b)  -> (artifact id: 'dec1eb28554368e3934862ea39647147') in 0.014405 seconds 
========================================================================
Received Import Request.
  Time since last request: 0.000267 seconds.
  path: Assets/Model/Veela.Textures/F00_000_00_FaceBrow_00.png
  artifactKey: Guid(ea224add17bfe194da76764395bbfbbf) Importer(815301076,1909f56bfc062723c751e8b465ee728b)
Start importing Assets/Model/Veela.Textures/F00_000_00_FaceBrow_00.png using Guid(ea224add17bfe194da76764395bbfbbf) Importer(815301076,1909f56bfc062723c751e8b465ee728b)  -> (artifact id: 'f4ae487ac76a6e500f5d321204974eca') in 0.016430 seconds 
========================================================================
Received Import Request.
  Time since last request: 0.000280 seconds.
  path: Assets/Model/Veela.Textures/F00_000_Hair_00_nml.normal.png
  artifactKey: Guid(893b19520e911c942a446d021fe8704b) Importer(815301076,1909f56bfc062723c751e8b465ee728b)
Start importing Assets/Model/Veela.Textures/F00_000_Hair_00_nml.normal.png using Guid(893b19520e911c942a446d021fe8704b) Importer(815301076,1909f56bfc062723c751e8b465ee728b)  -> (artifact id: '1ac4b81c759a779326eb0db958132399') in 0.013239 seconds 
========================================================================
Received Import Request.
  Time since last request: 0.000295 seconds.
  path: Assets/Model/Veela.Textures/Shader_NoneBlack.png
  artifactKey: Guid(13c4973c622fa1745ab081d5a6d4a230) Importer(815301076,1909f56bfc062723c751e8b465ee728b)
Start importing Assets/Model/Veela.Textures/Shader_NoneBlack.png using Guid(13c4973c622fa1745ab081d5a6d4a230) Importer(815301076,1909f56bfc062723c751e8b465ee728b)  -> (artifact id: 'b8a54dd0c80a8bd44cf5610fd5f9a090') in 0.011591 seconds 
========================================================================
Received Import Request.
  Time since last request: 0.000302 seconds.
  path: Assets/Model/Veela.Textures/F00_000_00_FaceEyeline_00.png
  artifactKey: Guid(53a5ed7675c1cf24ab8bf12ffac1a59e) Importer(815301076,1909f56bfc062723c751e8b465ee728b)
Start importing Assets/Model/Veela.Textures/F00_000_00_FaceEyeline_00.png using Guid(53a5ed7675c1cf24ab8bf12ffac1a59e) Importer(815301076,1909f56bfc062723c751e8b465ee728b)  -> (artifact id: '792ddfe7c7ee2cc44b9dde836d85d862') in 0.012162 seconds 
========================================================================
Received Import Request.
  Time since last request: 0.000290 seconds.
  path: Assets/Model/Veela.Textures/F00_000_00_EyeHighlight_00.png
  artifactKey: Guid(e18addb25a94ae74db4ee283638648d7) Importer(815301076,1909f56bfc062723c751e8b465ee728b)
Start importing Assets/Model/Veela.Textures/F00_000_00_EyeHighlight_00.png using Guid(e18addb25a94ae74db4ee283638648d7) Importer(815301076,1909f56bfc062723c751e8b465ee728b)  -> (artifact id: '98a41ee872911a7efd531d1d5595ce3f') in 0.020811 seconds 
AssetImportWorkerClient::OnTransportError - code=2 error=End of file
